<?xml version="1.0" encoding="UTF-8"?>
<testsuite xmlns:xsi="http://www.w3.org/2001/XMLSchema-instance" xsi:noNamespaceSchemaLocation="https://maven.apache.org/surefire/maven-surefire-plugin/xsd/surefire-test-report.xsd" name="com.financial.bank.acount.management.domain.service.AccountServiceTest" time="0.401" tests="3" errors="0" skipped="0" failures="0">
  <properties>
[...]
</properties>
  <testcase name="getStatement" classname="com.financial.bank.acount.management.domain.service.AccountServiceTest" time="0.1"/>
  <testcase name="withdraw" classname="com.financial.bank.acount.management.domain.service.AccountServiceTest" time="0"/>
  <testcase name="deposit" classname="com.financial.bank.acount.management.domain.service.AccountServiceTest" time="0"/>
</testsuite>